# JRE version: OpenJDK Runtime Environment (21.0.6) (build 21.0.6+-13391695-b895.109)
# Java VM: OpenJDK 64-Bit Server VM (21.0.6+-13391695-b895.109, mixed mode, tiered, compressed oops, compressed class ptrs, g1 gc, windows-amd64)
GC Precious Log:
 CardTable entry size: 512
 Card Set container configuration: InlinePtr #cards 4 size 8 Array Of Cards #cards 32 size 80 Howl #buckets 8 coarsen threshold 7372 Howl Bitmap #cards 1024 size 144 coarsen threshold 921 Card regions per heap region 1 cards per card region 8192
 CPUs: 8 total, 8 available
 Memory: 8022M
 Large Page Support: Disabled
 NUMA Support: Disabled
 Compressed Oops: Enabled (Zero based)
 Heap Region Size: 4M
 Heap Min Capacity: 8M
 Heap Initial Capacity: 128M
 Heap Max Capacity: 8G
 Pre-touch: Disabled
 Parallel Workers: 8
 Concurrent Workers: 2
 Concurrent Refinement Workers: 8
 Periodic GC: Disabled
Heap:
 garbage-first heap   total 303104K, used 229629K [0x0000000600000000, 0x0000000800000000)
  region size 4096K, 15 young (61440K), 3 survivors (12288K)
 Metaspace       used 134109K, committed 136704K, reserved 1179648K
  class space    used 18340K, committed 19648K, reserved 1048576K
GC Heap History (20 events):
Event: 144.319 GC heap before
{Heap before GC invocations=47 (full 0):
 garbage-first heap   total 212992K, used 182569K [0x0000000600000000, 0x0000000800000000)
  region size 4096K, 15 young (61440K), 1 survivors (4096K)
 Metaspace       used 127172K, committed 129472K, reserved 1179648K
  class space    used 17506K, committed 18688K, reserved 1048576K
}
Event: 144.327 GC heap after
{Heap after GC invocations=48 (full 0):
 garbage-first heap   total 212992K, used 128367K [0x0000000600000000, 0x0000000800000000)
  region size 4096K, 2 young (8192K), 2 survivors (8192K)
 Metaspace       used 127172K, committed 129472K, reserved 1179648K
  class space    used 17506K, committed 18688K, reserved 1048576K
}
Event: 147.511 GC heap before
{Heap before GC invocations=48 (full 0):
 garbage-first heap   total 212992K, used 181615K [0x0000000600000000, 0x0000000800000000)
  region size 4096K, 16 young (65536K), 2 survivors (8192K)
 Metaspace       used 128799K, committed 131136K, reserved 1179648K
  class space    used 17607K, committed 18816K, reserved 1048576K
}
Event: 147.527 GC heap after
{Heap after GC invocations=49 (full 0):
 garbage-first heap   total 212992K, used 133199K [0x0000000600000000, 0x0000000800000000)
  region size 4096K, 2 young (8192K), 2 survivors (8192K)
 Metaspace       used 128799K, committed 131136K, reserved 1179648K
  class space    used 17607K, committed 18816K, reserved 1048576K
}
Event: 148.712 GC heap before
{Heap before GC invocations=49 (full 0):
 garbage-first heap   total 212992K, used 186447K [0x0000000600000000, 0x0000000800000000)
  region size 4096K, 15 young (61440K), 2 survivors (8192K)
 Metaspace       used 128818K, committed 131200K, reserved 1179648K
  class space    used 17607K, committed 18816K, reserved 1048576K
}
Event: 148.723 GC heap after
{Heap after GC invocations=50 (full 0):
 garbage-first heap   total 212992K, used 136096K [0x0000000600000000, 0x0000000800000000)
  region size 4096K, 1 young (4096K), 1 survivors (4096K)
 Metaspace       used 128818K, committed 131200K, reserved 1179648K
  class space    used 17607K, committed 18816K, reserved 1048576K
}
Event: 151.174 GC heap before
{Heap before GC invocations=51 (full 0):
 garbage-first heap   total 233472K, used 189344K [0x0000000600000000, 0x0000000800000000)
  region size 4096K, 14 young (57344K), 1 survivors (4096K)
 Metaspace       used 128837K, committed 131200K, reserved 1179648K
  class space    used 17611K, committed 18816K, reserved 1048576K
}
Event: 151.181 GC heap after
{Heap after GC invocations=52 (full 0):
 garbage-first heap   total 233472K, used 137461K [0x0000000600000000, 0x0000000800000000)
  region size 4096K, 2 young (8192K), 2 survivors (8192K)
 Metaspace       used 128837K, committed 131200K, reserved 1179648K
  class space    used 17611K, committed 18816K, reserved 1048576K
}
Event: 153.991 GC heap before
{Heap before GC invocations=52 (full 0):
 garbage-first heap   total 233472K, used 202997K [0x0000000600000000, 0x0000000800000000)
  region size 4096K, 18 young (73728K), 2 survivors (8192K)
 Metaspace       used 130404K, committed 132864K, reserved 1179648K
  class space    used 17841K, committed 19072K, reserved 1048576K
}
Event: 154.008 GC heap after
{Heap after GC invocations=53 (full 0):
 garbage-first heap   total 233472K, used 155648K [0x0000000600000000, 0x0000000800000000)
  region size 4096K, 3 young (12288K), 3 survivors (12288K)
 Metaspace       used 130404K, committed 132864K, reserved 1179648K
  class space    used 17841K, committed 19072K, reserved 1048576K
}
Event: 157.245 GC heap before
{Heap before GC invocations=53 (full 0):
 garbage-first heap   total 233472K, used 200704K [0x0000000600000000, 0x0000000800000000)
  region size 4096K, 15 young (61440K), 3 survivors (12288K)
 Metaspace       used 131983K, committed 134464K, reserved 1179648K
  class space    used 18092K, committed 19328K, reserved 1048576K
}
Event: 157.259 GC heap after
{Heap after GC invocations=54 (full 0):
 garbage-first heap   total 233472K, used 161171K [0x0000000600000000, 0x0000000800000000)
  region size 4096K, 2 young (8192K), 2 survivors (8192K)
 Metaspace       used 131983K, committed 134464K, reserved 1179648K
  class space    used 18092K, committed 19328K, reserved 1048576K
}
Event: 158.950 GC heap before
{Heap before GC invocations=55 (full 0):
 garbage-first heap   total 274432K, used 202131K [0x0000000600000000, 0x0000000800000000)
  region size 4096K, 13 young (53248K), 2 survivors (8192K)
 Metaspace       used 131983K, committed 134464K, reserved 1179648K
  class space    used 18092K, committed 19328K, reserved 1048576K
}
Event: 158.959 GC heap after
{Heap after GC invocations=56 (full 0):
 garbage-first heap   total 274432K, used 163296K [0x0000000600000000, 0x0000000800000000)
  region size 4096K, 1 young (4096K), 1 survivors (4096K)
 Metaspace       used 131983K, committed 134464K, reserved 1179648K
  class space    used 18092K, committed 19328K, reserved 1048576K
}
Event: 163.862 GC heap before
{Heap before GC invocations=56 (full 0):
 garbage-first heap   total 274432K, used 237024K [0x0000000600000000, 0x0000000800000000)
  region size 4096K, 20 young (81920K), 1 survivors (4096K)
 Metaspace       used 132253K, committed 134720K, reserved 1179648K
  class space    used 18120K, committed 19392K, reserved 1048576K
}
Event: 163.878 GC heap after
{Heap after GC invocations=57 (full 0):
 garbage-first heap   total 274432K, used 173268K [0x0000000600000000, 0x0000000800000000)
  region size 4096K, 3 young (12288K), 3 survivors (12288K)
 Metaspace       used 132253K, committed 134720K, reserved 1179648K
  class space    used 18120K, committed 19392K, reserved 1048576K
}
Event: 165.974 GC heap before
{Heap before GC invocations=57 (full 0):
 garbage-first heap   total 274432K, used 238804K [0x0000000600000000, 0x0000000800000000)
  region size 4096K, 20 young (81920K), 3 survivors (12288K)
 Metaspace       used 132254K, committed 134720K, reserved 1179648K
  class space    used 18120K, committed 19392K, reserved 1048576K
}
Event: 165.987 GC heap after
{Heap after GC invocations=58 (full 0):
 garbage-first heap   total 274432K, used 175358K [0x0000000600000000, 0x0000000800000000)
  region size 4096K, 2 young (8192K), 2 survivors (8192K)
 Metaspace       used 132254K, committed 134720K, reserved 1179648K
  class space    used 18120K, committed 19392K, reserved 1048576K
}
Event: 172.740 GC heap before
{Heap before GC invocations=59 (full 0):
 garbage-first heap   total 303104K, used 240894K [0x0000000600000000, 0x0000000800000000)
  region size 4096K, 18 young (73728K), 2 survivors (8192K)
 Metaspace       used 133712K, committed 136320K, reserved 1179648K
  class space    used 18295K, committed 19584K, reserved 1048576K
}
Event: 172.759 GC heap after
{Heap after GC invocations=60 (full 0):
 garbage-first heap   total 303104K, used 184573K [0x0000000600000000, 0x0000000800000000)
  region size 4096K, 3 young (12288K), 3 survivors (12288K)
 Metaspace       used 133712K, committed 136320K, reserved 1179648K
  class space    used 18295K, committed 19584K, reserved 1048576K
}

